[    0.000000] Linux version 4.15.0-121-generic (buildd@lgw01-amd64-034) (gcc version 7.5.0 (Ubuntu 7.5.0-3ubuntu1~18.04)) #123-Ubuntu SMP Mon Oct 5 16:16:40 UTC 2020 (Ubuntu 4.15.0-121.123-generic 4.15.18)
[    0.000000] Command line: BOOT_IMAGE=/boot/vmlinuz-4.15.0-121-generic root=LABEL=cloudimg-rootfs ro console=tty1 console=ttyS0
[    0.000000] KERNEL supported cpus:
[    0.000000]   Intel GenuineIntel
[    0.000000]   AMD AuthenticAMD
[    0.000000]   Centaur CentaurHauls
[    0.000000] x86/fpu: Supporting XSAVE feature 0x001: 'x87 floating point registers'
[    0.000000] x86/fpu: Supporting XSAVE feature 0x002: 'SSE registers'
[    0.000000] x86/fpu: Supporting XSAVE feature 0x004: 'AVX registers'
[    0.000000] x86/fpu: xstate_offset[2]:  576, xstate_sizes[2]:  256
[    0.000000] x86/fpu: Enabled xstate features 0x7, context size is 832 bytes, using 'standard' format.
[    0.000000] e820: BIOS-provided physical RAM map:
[    0.000000] BIOS-e820: [mem 0x0000000000000000-0x000000000009fbff] usable
[    0.000000] BIOS-e820: [mem 0x000000000009fc00-0x000000000009ffff] reserved
[    0.000000] BIOS-e820: [mem 0x00000000000f0000-0x00000000000fffff] reserved
[    0.000000] BIOS-e820: [mem 0x0000000000100000-0x000000003ffeffff] usable
[    0.000000] BIOS-e820: [mem 0x000000003fff0000-0x000000003fffffff] ACPI data
[    0.000000] BIOS-e820: [mem 0x00000000fec00000-0x00000000fec00fff] reserved
[    0.000000] BIOS-e820: [mem 0x00000000fee00000-0x00000000fee00fff] reserved
[    0.000000] BIOS-e820: [mem 0x00000000fffc0000-0x00000000ffffffff] reserved
[    0.000000] NX (Execute Disable) protection: active
[    0.000000] SMBIOS 2.5 present.
[    0.000000] DMI: innotek GmbH VirtualBox/VirtualBox, BIOS VirtualBox 12/01/2006
[    0.000000] Hypervisor detected: KVM
[    0.000000] e820: last_pfn = 0x3fff0 max_arch_pfn = 0x400000000
[    0.000000] MTRR: Disabled
[    0.000000] x86/PAT: MTRRs disabled, skipping PAT initialization too.
[    0.000000] CPU MTRRs all blank - virtualized system.
[    0.000000] x86/PAT: Configuration [0-7]: WB  WT  UC- UC  WB  WT  UC- UC  
[    0.000000] found SMP MP-table at [mem 0x0009fff0-0x0009ffff]
[    0.000000] Scanning 1 areas for low memory corruption
[    0.000000] RAMDISK: [mem 0x35a63000-0x36d28fff]
[    0.000000] ACPI: Early table checksum verification disabled
[    0.000000] ACPI: RSDP 0x00000000000E0000 000024 (v02 VBOX  )
[    0.000000] ACPI: XSDT 0x000000003FFF0030 00003C (v01 VBOX   VBOXXSDT 00000001 ASL  00000061)
[    0.000000] ACPI: FACP 0x000000003FFF00F0 0000F4 (v04 VBOX   VBOXFACP 00000001 ASL  00000061)
[    0.000000] ACPI: DSDT 0x000000003FFF0470 002325 (v02 VBOX   VBOXBIOS 00000002 INTL 20100528)
[    0.000000] ACPI: FACS 0x000000003FFF0200 000040
[    0.000000] ACPI: FACS 0x000000003FFF0200 000040
[    0.000000] ACPI: APIC 0x000000003FFF0240 00005C (v02 VBOX   VBOXAPIC 00000001 ASL  00000061)
[    0.000000] ACPI: SSDT 0x000000003FFF02A0 0001CC (v01 VBOX   VBOXCPUT 00000002 INTL 20100528)
[    0.000000] No NUMA configuration found
[    0.000000] Faking a node at [mem 0x0000000000000000-0x000000003ffeffff]
[    0.000000] NODE_DATA(0) allocated [mem 0x3ffc5000-0x3ffeffff]
[    0.000000] kvm-clock: cpu 0, msr 0:3ff44001, primary cpu clock
[    0.000000] kvm-clock: Using msrs 4b564d01 and 4b564d00
[    0.000000] kvm-clock: using sched offset of 3629343943 cycles
[    0.000000] clocksource: kvm-clock: mask: 0xffffffffffffffff max_cycles: 0x1cd42e4dffb, max_idle_ns: 881590591483 ns
[    0.000000] Zone ranges:
[    0.000000]   DMA      [mem 0x0000000000001000-0x0000000000ffffff]
[    0.000000]   DMA32    [mem 0x0000000001000000-0x000000003ffeffff]
[    0.000000]   Normal   empty
[    0.000000]   Device   empty
[    0.000000] Movable zone start for each node
[    0.000000] Early memory node ranges
[    0.000000]   node   0: [mem 0x0000000000001000-0x000000000009efff]
[    0.000000]   node   0: [mem 0x0000000000100000-0x000000003ffeffff]
[    0.000000] Reserved but unavailable: 98 pages
[    0.000000] Initmem setup node 0 [mem 0x0000000000001000-0x000000003ffeffff]
[    0.000000] ACPI: PM-Timer IO Port: 0x4008
[    0.000000] IOAPIC[0]: apic_id 2, version 32, address 0xfec00000, GSI 0-23
[    0.000000] ACPI: INT_SRC_OVR (bus 0 bus_irq 0 global_irq 2 dfl dfl)
[    0.000000] ACPI: INT_SRC_OVR (bus 0 bus_irq 9 global_irq 9 low level)
[    0.000000] Using ACPI (MADT) for SMP configuration information
[    0.000000] smpboot: Allowing 2 CPUs, 0 hotplug CPUs
[    0.000000] PM: Registered nosave memory: [mem 0x00000000-0x00000fff]
[    0.000000] PM: Registered nosave memory: [mem 0x0009f000-0x0009ffff]
[    0.000000] PM: Registered nosave memory: [mem 0x000a0000-0x000effff]
[    0.000000] PM: Registered nosave memory: [mem 0x000f0000-0x000fffff]
[    0.000000] e820: [mem 0x40000000-0xfebfffff] available for PCI devices
[    0.000000] Booting paravirtualized kernel on KVM
[    0.000000] clocksource: refined-jiffies: mask: 0xffffffff max_cycles: 0xffffffff, max_idle_ns: 7645519600211568 ns
[    0.000000] random: get_random_bytes called from start_kernel+0x99/0x500 with crng_init=0
[    0.000000] setup_percpu: NR_CPUS:8192 nr_cpumask_bits:2 nr_cpu_ids:2 nr_node_ids:1
[    0.000000] percpu: Embedded 45 pages/cpu s147456 r8192 d28672 u1048576
[    0.000000] PV qspinlock hash table entries: 256 (order: 0, 4096 bytes)
[    0.000000] Built 1 zonelists, mobility grouping on.  Total pages: 257913
[    0.000000] Policy zone: DMA32
[    0.000000] Kernel command line: BOOT_IMAGE=/boot/vmlinuz-4.15.0-121-generic root=LABEL=cloudimg-rootfs ro console=tty1 console=ttyS0
[    0.000000] Memory: 983024K/1048120K available (12300K kernel code, 2482K rwdata, 4272K rodata, 2436K init, 2724K bss, 65096K reserved, 0K cma-reserved)
[    0.000000] SLUB: HWalign=64, Order=0-3, MinObjects=0, CPUs=2, Nodes=1
[    0.000000] Kernel/User page tables isolation: enabled
[    0.000000] ftrace: allocating 39402 entries in 154 pages
[    0.004000] Hierarchical RCU implementation.
[    0.004000] 	RCU restricting CPUs from NR_CPUS=8192 to nr_cpu_ids=2.
[    0.004000] 	Tasks RCU enabled.
[    0.004000] RCU: Adjusting geometry for rcu_fanout_leaf=16, nr_cpu_ids=2
[    0.004000] NR_IRQS: 524544, nr_irqs: 440, preallocated irqs: 16
[    0.004000] Console: colour VGA+ 80x25
[    0.004000] console [tty1] enabled
[    0.004000] console [ttyS0] enabled
[    0.004000] ACPI: Core revision 20170831
[    0.004000] ACPI: 2 ACPI AML tables successfully acquired and loaded
[    0.004000] APIC: Switch to symmetric I/O mode setup
[    0.004000] x2apic enabled
[    0.004000] Switched APIC routing to physical x2apic.
[    0.004000] ..TIMER: vector=0x30 apic1=0 pin1=2 apic2=-1 pin2=-1
[    0.004003] tsc: Detected 2207.998 MHz processor
[    0.004903] Calibrating delay loop (skipped) preset value.. 4415.99 BogoMIPS (lpj=8831992)
[    0.005619] pid_max: default: 32768 minimum: 301
[    0.008024] Security Framework initialized
[    0.008922] Yama: becoming mindful.
[    0.009669] AppArmor: AppArmor initialized
[    0.012000] Dentry cache hash table entries: 131072 (order: 8, 1048576 bytes)
[    0.012063] Inode-cache hash table entries: 65536 (order: 7, 524288 bytes)
[    0.016009] Mount-cache hash table entries: 2048 (order: 2, 16384 bytes)
[    0.017364] Mountpoint-cache hash table entries: 2048 (order: 2, 16384 bytes)
[    0.018910] Last level iTLB entries: 4KB 64, 2MB 8, 4MB 8
[    0.020001] Last level dTLB entries: 4KB 64, 2MB 0, 4MB 0, 1GB 4
[    0.021180] Spectre V1 : Mitigation: usercopy/swapgs barriers and __user pointer sanitization
[    0.022800] Spectre V2 : Mitigation: Full generic retpoline
[    0.024001] Spectre V2 : Spectre v2 / SpectreRSB mitigation: Filling RSB on context switch
[    0.025567] Speculative Store Bypass: Vulnerable
[    0.026490] SRBDS: Unknown: Dependent on hypervisor status
[    0.028001] MDS: Mitigation: Clear CPU buffers
[    0.029098] Freeing SMP alternatives memory: 36K
[    0.139531] smpboot: CPU0: Intel(R) Core(TM) i7-8750H CPU @ 2.20GHz (family: 0x6, model: 0x9e, stepping: 0xa)
[    0.140000] Performance Events: unsupported p6 CPU model 158 no PMU driver, software events only.
[    0.140000] Hierarchical SRCU implementation.
[    0.140444] NMI watchdog: Perf event create on CPU 0 failed with -2
[    0.141614] NMI watchdog: Perf NMI watchdog permanently disabled
[    0.142796] smp: Bringing up secondary CPUs ...
[    0.144059] x86: Booting SMP configuration:
[    0.144877] .... node  #0, CPUs:      #1
[    0.004000] kvm-clock: cpu 1, msr 0:3ff44041, secondary cpu clock
[    0.148014] smp: Brought up 1 node, 2 CPUs
[    0.148814] smpboot: Max logical packages: 1
[    0.149659] smpboot: Total of 2 processors activated (8831.99 BogoMIPS)
[    0.152003] devtmpfs: initialized
[    0.152003] x86/mm: Memory block size: 128MB
[    0.152129] evm: security.selinux
[    0.152809] evm: security.SMACK64
[    0.153550] evm: security.SMACK64EXEC
[    0.154319] evm: security.SMACK64TRANSMUTE
[    0.155174] evm: security.SMACK64MMAP
[    0.160004] evm: security.apparmor
[    0.160724] evm: security.ima
[    0.161389] evm: security.capability
[    0.164068] clocksource: jiffies: mask: 0xffffffff max_cycles: 0xffffffff, max_idle_ns: 7645041785100000 ns
[    0.164068] futex hash table entries: 512 (order: 3, 32768 bytes)
[    0.168004] pinctrl core: initialized pinctrl subsystem
[    0.168020] RTC time: 15:44:35, date: 12/16/20
[    0.171810] NET: Registered protocol family 16
[    0.172079] audit: initializing netlink subsys (disabled)
[    0.173135] audit: type=2000 audit(1608133481.457:1): state=initialized audit_enabled=0 res=1
[    0.176001] cpuidle: using governor ladder
[    0.176010] cpuidle: using governor menu
[    0.176914] ACPI: bus type PCI registered
[    0.177793] acpiphp: ACPI Hot Plug PCI Controller Driver version: 0.5
[    0.180001] PCI: Using configuration type 1 for base access
[    0.180907] HugeTLB registered 2.00 MiB page size, pre-allocated 0 pages
[    0.184080] ACPI: Added _OSI(Module Device)
[    0.184937] ACPI: Added _OSI(Processor Device)
[    0.185833] ACPI: Added _OSI(3.0 _SCP Extensions)
[    0.186814] ACPI: Added _OSI(Processor Aggregator Device)
[    0.188001] ACPI: Added _OSI(Linux-Dell-Video)
[    0.188004] ACPI: Added _OSI(Linux-Lenovo-NV-HDMI-Audio)
[    0.189126] ACPI: Added _OSI(Linux-HPI-Hybrid-Graphics)
[    0.192026] ACPI: Executed 1 blocks of module-level executable AML code
[    0.211772] ACPI: Interpreter enabled
[    0.212022] ACPI: (supports S0 S5)
[    0.216003] ACPI: Using IOAPIC for interrupt routing
[    0.217461] PCI: Using host bridge windows from ACPI; if necessary, use "pci=nocrs" and report a bug
[    0.220196] ACPI: Enabled 2 GPEs in block 00 to 07
[    0.228576] ACPI: PCI Root Bridge [PCI0] (domain 0000 [bus 00-ff])
[    0.229793] acpi PNP0A03:00: _OSC: OS supports [ASPM ClockPM Segments MSI]
[    0.232054] acpi PNP0A03:00: _OSC: not requesting OS control; OS requires [ExtendedConfig ASPM ClockPM MSI]
[    0.234310] acpi PNP0A03:00: fail to add MMCONFIG information, can't access extended PCI configuration space under this bridge.
[    0.236554] PCI host bridge to bus 0000:00
[    0.237672] pci_bus 0000:00: root bus resource [io  0x0000-0x0cf7 window]
[    0.239192] pci_bus 0000:00: root bus resource [io  0x0d00-0xffff window]
[    0.240002] pci_bus 0000:00: root bus resource [mem 0x000a0000-0x000bffff window]
[    0.241484] pci_bus 0000:00: root bus resource [mem 0x40000000-0xfdffffff window]
[    0.244002] pci_bus 0000:00: root bus resource [bus 00-ff]
[    0.248363] pci 0000:00:01.1: legacy IDE quirk: reg 0x10: [io  0x01f0-0x01f7]
[    0.249862] pci 0000:00:01.1: legacy IDE quirk: reg 0x14: [io  0x03f6]
[    0.251123] pci 0000:00:01.1: legacy IDE quirk: reg 0x18: [io  0x0170-0x0177]
[    0.252000] pci 0000:00:01.1: legacy IDE quirk: reg 0x1c: [io  0x0376]
[    0.264722] pci 0000:00:07.0: quirk: [io  0x4000-0x403f] claimed by PIIX4 ACPI
[    0.266187] pci 0000:00:07.0: quirk: [io  0x4100-0x410f] claimed by PIIX4 SMB
[    0.272468] ACPI: PCI Interrupt Link [LNKA] (IRQs 5 9 10 *11)
[    0.273931] ACPI: PCI Interrupt Link [LNKB] (IRQs 5 9 *10 11)
[    0.275178] ACPI: PCI Interrupt Link [LNKC] (IRQs 5 *9 10 11)
[    0.276108] ACPI: PCI Interrupt Link [LNKD] (IRQs 5 9 10 *11)
[    0.277470] SCSI subsystem initialized
[    0.278263] pci 0000:00:02.0: vgaarb: setting as boot VGA device
[    0.278263] pci 0000:00:02.0: vgaarb: VGA device added: decodes=io+mem,owns=io+mem,locks=none
[    0.280007] pci 0000:00:02.0: vgaarb: bridge control possible
[    0.281110] vgaarb: loaded
[    0.281729] ACPI: bus type USB registered
[    0.282574] usbcore: registered new interface driver usbfs
[    0.284008] usbcore: registered new interface driver hub
[    0.285056] usbcore: registered new device driver usb
[    0.288017] EDAC MC: Ver: 3.0.0
[    0.288892] PCI: Using ACPI for IRQ routing
[    0.289183] NetLabel: Initializing
[    0.289967] NetLabel:  domain hash size = 128
[    0.290837] NetLabel:  protocols = UNLABELED CIPSOv4 CALIPSO
[    0.292001] NetLabel:  unlabeled traffic allowed by default
[    0.292057] clocksource: Switched to clocksource kvm-clock
[    0.306645] VFS: Disk quotas dquot_6.6.0
[    0.307546] VFS: Dquot-cache hash table entries: 512 (order 0, 4096 bytes)
[    0.309011] AppArmor: AppArmor Filesystem Enabled
[    0.310102] pnp: PnP ACPI init
[    0.311843] pnp: PnP ACPI: found 3 devices
[    0.318318] clocksource: acpi_pm: mask: 0xffffff max_cycles: 0xffffff, max_idle_ns: 2085701024 ns
[    0.320135] NET: Registered protocol family 2
[    0.321434] TCP established hash table entries: 8192 (order: 4, 65536 bytes)
[    0.322872] TCP bind hash table entries: 8192 (order: 5, 131072 bytes)
[    0.325131] TCP: Hash tables configured (established 8192 bind 8192)
[    0.326456] UDP hash table entries: 512 (order: 2, 16384 bytes)
[    0.327678] UDP-Lite hash table entries: 512 (order: 2, 16384 bytes)
[    0.329004] NET: Registered protocol family 1
[    0.329961] pci 0000:00:00.0: Limiting direct PCI/PCI transfers
[    0.331244] pci 0000:00:01.0: Activating ISA DMA hang workarounds
[    0.332472] pci 0000:00:02.0: Video device with shadowed ROM at [mem 0x000c0000-0x000dffff]
[    0.334303] Unpacking initramfs...
[    0.604934] Freeing initrd memory: 19224K
[    0.606638] clocksource: tsc: mask: 0xffffffffffffffff max_cycles: 0x1fd3b6211b4, max_idle_ns: 440795230313 ns
[    0.610040] platform rtc_cmos: registered platform RTC device (no PNP device found)
[    0.612403] Scanning for low memory corruption every 60 seconds
[    0.614886] Initialise system trusted keyrings
[    0.617282] Key type blacklist registered
[    0.618813] workingset: timestamp_bits=36 max_order=18 bucket_order=0
[    0.620975] zbud: loaded
[    0.621987] squashfs: version 4.0 (2009/01/31) Phillip Lougher
[    0.623314] fuse init (API version 7.26)
[    0.626650] Key type asymmetric registered
[    0.627416] Asymmetric key parser 'x509' registered
[    0.628333] Block layer SCSI generic (bsg) driver version 0.4 loaded (major 246)
[    0.629705] io scheduler noop registered
[    0.630984] io scheduler deadline registered
[    0.632364] io scheduler cfq registered (default)
[    0.634029] ACPI: AC Adapter [AC] (off-line)
[    0.634855] input: Power Button as /devices/LNXSYSTM:00/LNXPWRBN:00/input/input0
[    0.636255] ACPI: Power Button [PWRF]
[    0.636989] input: Sleep Button as /devices/LNXSYSTM:00/LNXSLPBN:00/input/input1
[    0.638331] ACPI: Sleep Button [SLPF]
[    0.639256] Serial: 8250/16550 driver, 32 ports, IRQ sharing enabled
[    0.640027] ACPI: Battery Slot [BAT0] (battery present)
[    0.662015] 00:02: ttyS0 at I/O 0x3f8 (irq = 4, base_baud = 115200) is a 16550A
[    0.664662] Linux agpgart interface v0.103
[    0.666480] loop: module loaded
[    0.667771] scsi host0: ata_piix
[    0.668707] scsi host1: ata_piix
[    0.669425] ata1: PATA max UDMA/33 cmd 0x1f0 ctl 0x3f6 bmdma 0xd000 irq 14
[    0.670728] ata2: PATA max UDMA/33 cmd 0x170 ctl 0x376 bmdma 0xd008 irq 15
[    0.672085] libphy: Fixed MDIO Bus: probed
[    0.672966] tun: Universal TUN/TAP device driver, 1.6
[    0.673985] PPP generic driver version 2.4.2
[    0.674904] ehci_hcd: USB 2.0 'Enhanced' Host Controller (EHCI) Driver
[    0.676155] ehci-pci: EHCI PCI platform driver
[    0.677165] ehci-platform: EHCI generic platform driver
[    0.678193] ohci_hcd: USB 1.1 'Open' Host Controller (OHCI) Driver
[    0.679374] ohci-pci: OHCI PCI platform driver
[    0.680263] ohci-platform: OHCI generic platform driver
[    0.681375] uhci_hcd: USB Universal Host Controller Interface driver
[    0.682631] i8042: PNP: PS/2 Controller [PNP0303:PS2K,PNP0f03:PS2M] at 0x60,0x64 irq 1,12
[    0.684717] serio: i8042 KBD port at 0x60,0x64 irq 1
[    0.685711] serio: i8042 AUX port at 0x60,0x64 irq 12
[    0.686770] mousedev: PS/2 mouse device common for all mice
[    0.688217] input: AT Translated Set 2 keyboard as /devices/platform/i8042/serio0/input/input2
[    0.690171] rtc_cmos rtc_cmos: rtc core: registered rtc_cmos as rtc0
[    0.691478] rtc_cmos rtc_cmos: alarms up to one day, 114 bytes nvram
[    0.692752] i2c /dev entries driver
[    0.693516] device-mapper: uevent: version 1.0.3
[    0.694459] device-mapper: ioctl: 4.37.0-ioctl (2017-09-20) initialised: dm-devel@redhat.com
[    0.696220] ledtrig-cpu: registered to indicate activity on CPUs
[    0.697870] NET: Registered protocol family 10
[    0.702981] Segment Routing with IPv6
[    0.703854] NET: Registered protocol family 17
[    0.704937] Key type dns_resolver registered
[    0.706101] mce: Using 0 MCE banks
[    0.706818] RAS: Correctable Errors collector initialized.
[    0.707880] sched_clock: Marking stable (706055012, 0)->(896221259, -190166247)
[    0.709654] registered taskstats version 1
[    0.710498] Loading compiled-in X.509 certificates
[    0.713949] Loaded X.509 cert 'Build time autogenerated kernel key: 517b2180bafe62ad6f81db3336688475b28504c0'
[    0.715844] zswap: loaded using pool lzo/zbud
[    0.720516] Key type big_key registered
[    0.721389] Key type trusted registered
[    0.724222] Key type encrypted registered
[    0.725143] AppArmor: AppArmor sha1 policy hashing enabled
[    0.726206] ima: No TPM chip found, activating TPM-bypass! (rc=-19)
[    0.727405] ima: Allocated hash algorithm: sha1
[    0.728508] evm: HMAC attrs: 0x1
[    0.729396]   Magic number: 0:515:740
[    0.730315] rtc_cmos rtc_cmos: setting system clock to 2020-12-16 15:44:36 UTC (1608133476)
[    0.732194] BIOS EDD facility v0.16 2004-Jun-25, 0 devices found
[    0.733359] EDD information not available.
[    1.188571] Freeing unused kernel image memory: 2436K
[    1.200127] Write protecting the kernel read-only data: 20480k
[    1.201795] Freeing unused kernel image memory: 2008K
[    1.203012] Freeing unused kernel image memory: 1872K
[    1.210542] x86/mm: Checked W+X mappings: passed, no W+X pages found.
[    1.211789] x86/mm: Checking user space page tables
[    1.219088] x86/mm: Checked W+X mappings: passed, no W+X pages found.
Loading, please wait...
starting version 237
[    1.281915] e1000: Intel(R) PRO/1000 Network Driver - version 7.3.21-k8-NAPI
[    1.283508] e1000: Copyright (c) 1999-2006 Intel Corporation.
[    1.284867] Fusion MPT base driver 3.04.20
[    1.285711] Copyright (c) 1999-2008 LSI Corporation
[    1.289150] Fusion MPT SPI Host driver 3.04.20
[    1.302048] AVX2 version of gcm_enc/dec engaged.
[    1.303178] AES CTR mode by8 optimization enabled
[    1.497477] input: ImExPS/2 Generic Explorer Mouse as /devices/platform/i8042/serio1/input/input4
[    1.683039] e1000 0000:00:03.0 eth0: (PCI:33MHz:32-bit) 02:c6:b0:25:69:cb
[    1.684296] e1000 0000:00:03.0 eth0: Intel(R) PRO/1000 Network Connection
[    1.686322] mptbase: ioc0: Initiating bringup
[    1.687752] e1000 0000:00:03.0 enp0s3: renamed from eth0
[    1.780365] ioc0: LSI53C1030 A0: Capabilities={Initiator}
[    2.028366] scsi host2: ioc0: LSI53C1030 A0, FwRev=00000000h, Ports=1, MaxQ=256, IRQ=20
[    2.197109] scsi 2:0:0:0: Direct-Access     VBOX     HARDDISK         1.0  PQ: 0 ANSI: 5
[    2.228248] scsi target2:0:0: Beginning Domain Validation
[    2.236432] scsi target2:0:0: Domain Validation skipping write tests
[    2.239567] scsi target2:0:0: Ending Domain Validation
[    2.242111] scsi target2:0:0: asynchronous
[    2.243971] scsi 2:0:1:0: Direct-Access     VBOX     HARDDISK         1.0  PQ: 0 ANSI: 5
[    2.277025] scsi target2:0:1: Beginning Domain Validation
[    2.280971] random: fast init done
[    2.282357] scsi target2:0:1: Domain Validation skipping write tests
[    2.283779] scsi target2:0:1: Ending Domain Validation
[    2.285157] scsi target2:0:1: asynchronous
[    2.293071] random: systemd-udevd: uninitialized urandom read (16 bytes read)
[    2.294651] random: systemd-udevd: uninitialized urandom read (16 bytes read)
[    2.296322] random: systemd-udevd: uninitialized urandom read (16 bytes read)
[    2.298310] sd 2:0:0:0: Attached scsi generic sg0 type 0
[    2.298696] sd 2:0:0:0: [sda] 20971520 512-byte logical blocks: (10.7 GB/10.0 GiB)
[    2.301132] sd 2:0:0:0: [sda] Write Protect is off
[    2.302278] sd 2:0:1:0: Attached scsi generic sg1 type 0
[    2.302421] sd 2:0:0:0: [sda] Incomplete mode parameter data
[    2.305744] sd 2:0:0:0: [sda] Assuming drive cache: write through
[    2.307078] sd 2:0:1:0: [sdb] 20480 512-byte logical blocks: (10.5 MB/10.0 MiB)
[    2.308762]  sda: sda1
[    2.309544] sd 2:0:1:0: [sdb] Write Protect is off
[    2.310455] sd 2:0:0:0: [sda] Attached SCSI disk
[    2.312808] sd 2:0:1:0: [sdb] Incomplete mode parameter data
[    2.314105] sd 2:0:1:0: [sdb] Assuming drive cache: write through
[    2.320126] sd 2:0:1:0: [sdb] Attached SCSI disk
Begin: Loading essential drivers ... [    4.092297] raid6: sse2x1   gen() 13760 MB/s
[    4.140177] raid6: sse2x1   xor()  9786 MB/s
[    4.188531] raid6: sse2x2   gen() 13450 MB/s
[    4.236318] raid6: sse2x2   xor() 11171 MB/s
[    4.284160] raid6: sse2x4   gen() 18860 MB/s
[    4.332480] raid6: sse2x4   xor() 11650 MB/s
[    4.380264] raid6: avx2x1   gen() 26881 MB/s
[    4.428110] raid6: avx2x1   xor() 19089 MB/s
[    4.477899] raid6: avx2x2   gen() 12535 MB/s
[    4.524674] raid6: avx2x2   xor() 20106 MB/s
[    4.572101] raid6: avx2x4   gen() 31912 MB/s
[    4.620380] raid6: avx2x4   xor() 20298 MB/s
[    4.621261] raid6: using algorithm avx2x4 gen() 31912 MB/s
[    4.622282] raid6: .... xor() 20298 MB/s, rmw enabled
[    4.623277] raid6: using avx2x2 recovery algorithm
[    4.625408] xor: automatically using best checksumming function   avx       
[    4.627866] async_tx: api initialized (async)
done.
Begin: Running /scripts/init-premount ... done.
Begin: Mounting root file system ... Begin: Running /scripts/local-top ... done.
Begin: Running /scripts/local-premount ... [    4.667686] Btrfs loaded, crc32c=crc32c-intel
Scanning for Btrfs filesystems
done.
Warning: fsck not present, so skipping root file system
[    4.694146] EXT4-fs (sda1): mounted filesystem with ordered data mode. Opts: (null)
done.
Begin: Running /scripts/local-bottom ... done.
Begin: Running /scripts/init-bottom ... done.
[    4.847492] ip_tables: (C) 2000-2006 Netfilter Core Team
[    4.857970] systemd[1]: systemd 237 running in system mode. (+PAM +AUDIT +SELINUX +IMA +APPARMOR +SMACK +SYSVINIT +UTMP +LIBCRYPTSETUP +GCRYPT +GNUTLS +ACL +XZ +LZ4 +SECCOMP +BLKID +ELFUTILS +KMOD -IDN2 +IDN -PCRE2 default-hierarchy=hybrid)
[    4.862120] systemd[1]: Detected virtualization oracle.
[    4.863153] systemd[1]: Detected architecture x86-64.

Welcome to [1mUbuntu 18.04.5 LTS[0m!

[    4.868856] systemd[1]: Set hostname to <ubuntu>.
[    4.873391] systemd[1]: Initializing machine ID from random generator.
[    4.874764] systemd[1]: Installed transient /etc/machine-id file.
[    5.091540] systemd[1]: Started Forward Password Requests to Wall Directory Watch.
[[0;32m  OK  [0m] Started Forward Password Requests to Wall Directory Watch.
[    5.093889] systemd[1]: Reached target System Time Synchronized.
[[0;32m  OK  [0m] Reached target System Time Synchronized.
[    5.096837] systemd[1]: Created slice User and Session Slice.
[[0;32m  OK  [0m] Created slice User and Session Slice.
[    5.098900] systemd[1]: Reached target Swap.
[[0;32m  OK  [0m] Reached target Swap.
[[0;32m  OK  [0m] Reached target User and Group Name Lookups.
[[0;32m  OK  [0m] Created slice System Slice.
[[0;32m  OK  [0m] Reached target Slices.
[[0;32m  OK  [0m] Listening on Device-mapper event daemon FIFOs.
[[0;32m  OK  [0m] Created slice system-serial\x2dgetty.slice.
[[0;32m  OK  [0m] Listening on Syslog Socket.
[[0;32m  OK  [0m] Listening on Journal Socket (/dev/log).
[[0;32m  OK  [0m] Listening on /dev/initctl Compatibility Named Pipe.
[[0;32m  OK  [0m] Listening on Journal Socket.
         Mounting Huge Pages File System...
         Mounting Kernel Debug File System...
         Starting Create list of required st…ce nodes for the current kernel...
         Starting Load Kernel Modules...
[[0;32m  OK  [0m] Listening on LVM2 poll daemon socket.
[[0;32m  OK  [0m] Listening on udev Control Socket.
         Starting Set the console keyboard layout...
[    5.149488] Loading iSCSI transport class v2.0-870.
         Starting Remount Root and Kernel File Systems...
[[0;32m  OK  [0m] Listening on Network Service Netlink Socket.
[[0;32m  OK  [0m] Listening on udev Kernel Socket.
         Starting udev Coldplug all Devices...
[    5.157641] iscsi: registered transport (tcp)
         Starting Uncomplicated firewall...
[[0;32m  OK  [0m] Listening on LVM2 metadata daemon socket.
         Starting Monitoring of LVM2 mirrors…ng dmeventd or progress polling...
[[0;32m  OK  [0m] Set up automount Arbitrary Executab…rmats File System Automount Point.
[    5.175758] iscsi: registered transport (iser)
[    5.230808] EXT4-fs (sda1): re-mounted. Opts: (null)
         Mounting POSIX Message Queue File System...
[[0;32m  OK  [0m] Listening on Journal Audit Socket.
         Starting Journal Service...
[[0;32m  OK  [0m] Mounted Huge Pages File System.
[[0;32m  OK  [0m] Mounted Kernel Debug File System.
[[0;32m  OK  [0m] Started Create list of required sta…vice nodes for the current kernel.
[[0;32m  OK  [0m] Started Journal Service.
[[0;32m  OK  [0m] Started Load Kernel Modules.
[[0;32m  OK  [0m] Started Remount Root and Kernel File Systems.
[[0;32m  OK  [0m] Started Uncomplicated firewall.
[[0;32m  OK  [0m] Mounted POSIX Message Queue File System.
[[0;32m  OK  [0m] Started LVM2 metadata daemon.
         Starting Load/Save Random Seed...
         Mounting Kernel Configuration File System...
         Mounting FUSE Control File System...
         Starting Apply Kernel Variables...
         Starting Flush Journal to Persistent Storage...
         Starting Create Static Device Nodes in /dev...
[[0;32m  OK  [0m] Started Monitoring of LVM2 mirrors,…sing dmeventd or progress polling.
[[0;32m  OK  [0m] Started Set the console keyboard layout.
[[0;32m  OK  [0m] Started udev Coldplug all Devices.
[[0;32m  OK  [0m] Started Load/Save Random Seed.
[[0;32m  OK  [0m] Mounted Kernel Configuration File System.
[[0;32m  OK  [0m] Mounted FUSE Control File System.
[[0;32m  OK  [0m] Started Apply Kernel Variables.
[[0;32m  OK  [0m] Started Create Static Device Nodes in /dev.
         Starting udev Kernel Device Manager...
[[0;32m  OK  [0m] Reached target Local File Systems (Pre).
[[0;32m  OK  [0m] Reached target Local File Systems.
         Starting Set console font and keymap...
         Starting ebtables ruleset management...
         Starting Commit a transient machine-id on disk...
         Starting AppArmor initialization...
         Starting Tell Plymouth To Write Out Runtime Data...
[[0;32m  OK  [0m] Started udev Kernel Device Manager.
[[0;32m  OK  [0m] Started Set console font and keymap.
[[0;32m  OK  [0m] Started Dispatch Password Requests to Console Directory Watch.
[[0;32m  OK  [0m] Reached target Local Encrypted Volumes.
[[0;32m  OK  [0m] Started Tell Plymouth To Write Out Runtime Data.
[[0;32m  OK  [0m] Started Flush Journal to Persistent Storage.
[[0;32m  OK  [0m] Started Commit a transient machine-id on disk.
         Starting Create Volatile Files and Directories...
[[0;32m  OK  [0m] Started ebtables ruleset management.
[[0;32m  OK  [0m] Started Create Volatile Files and Directories.
         Starting Update UTMP about System Boot/Shutdown...
[[0;32m  OK  [0m] Started Update UTMP about System Boot/Shutdown.
[[0;32m  OK  [0m] Found device /dev/ttyS0.
[[0;32m  OK  [0m] Listening on Load/Save RF Kill Switch Status /dev/rfkill Watch.
[[0;32m  OK  [0m] Started AppArmor initialization.
         Starting Initial cloud-init job (pre-networking)...
         Starting Load AppArmor profiles managed internally by snapd...
[[0;32m  OK  [0m] Started Load AppArmor profiles managed internally by snapd.
[    8.505839] cloud-init[565]: Cloud-init v. 20.3-2-g371b392c-0ubuntu1~18.04.1 running 'init-local' at Wed, 16 Dec 2020 15:44:43 +0000. Up 8.02 seconds.
[[0;32m  OK  [0m] Started Initial cloud-init job (pre-networking).
[[0;32m  OK  [0m] Reached target Network (Pre).
         Starting Network Service...
[[0;32m  OK  [0m] Started Network Service.
         Starting Network Name Resolution...
         Starting Wait for Network to be Configured...
[[0;32m  OK  [0m] Started Network Name Resolution.
[[0;32m  OK  [0m] Reached target Network.
[[0;32m  OK  [0m] Reached target Host and Network Name Lookups.
[[0;32m  OK  [0m] Started Wait for Network to be Configured.
         Starting Initial cloud-init job (metadata service crawler)...
[   10.931157] cloud-init[710]: Cloud-init v. 20.3-2-g371b392c-0ubuntu1~18.04.1 running 'init' at Wed, 16 Dec 2020 15:44:46 +0000. Up 10.75 seconds.
[   10.932110] cloud-init[710]: ci-info: ++++++++++++++++++++++++++++++++++++++Net device info++++++++++++++++++++++++++++++++++++++
[   10.933022] cloud-init[710]: ci-info: +--------+------+----------------------------+---------------+--------+-------------------+
[   10.934402] cloud-init[710]: ci-info: | Device |  Up  |          Address           |      Mask     | Scope  |     Hw-Address    |
[   10.935861] cloud-init[710]: ci-info: +--------+------+----------------------------+---------------+--------+-------------------+
[   10.937299] cloud-init[710]: ci-info: | enp0s3 | True |         10.0.2.15          | 255.255.255.0 | global | 02:c6:b0:25:69:cb |
[   10.938637] cloud-init[710]: ci-info: | enp0s3 | True | fe80::c6:b0ff:fe25:69cb/64 |       .       |  link  | 02:c6:b0:25:69:cb |
[   10.940116] cloud-init[710]: ci-info: |   lo   | True |         127.0.0.1          |   255.0.0.0   |  host  |         .         |
[   10.941546] cloud-init[710]: ci-info: |   lo   | True |          ::1/128           |       .       |  host  |         .         |
[   10.942939] cloud-init[710]: ci-info: +--------+------+----------------------------+---------------+--------+-------------------+
[   10.944447] cloud-init[710]: ci-info: ++++++++++++++++++++++++++++Route IPv4 info+++++++++++++++++++++++++++++
[   10.945627] cloud-init[710]: ci-info: +-------+-------------+----------+-----------------+-----------+-------+
[   10.946810] cloud-init[710]: ci-info: | Route | Destination | Gateway  |     Genmask     | Interface | Flags |
[   10.948013] cloud-init[710]: ci-info: +-------+-------------+----------+-----------------+-----------+-------+
[   10.949384] cloud-init[710]: ci-info: |   0   |   0.0.0.0   | 10.0.2.2 |     0.0.0.0     |   enp0s3  |   UG  |
[   10.950601] cloud-init[710]: ci-info: |   1   |   10.0.2.0  | 0.0.0.0  |  255.255.255.0  |   enp0s3  |   U   |
[   10.951783] cloud-init[710]: ci-info: |   2   |   10.0.2.2  | 0.0.0.0  | 255.255.255.255 |   enp0s3  |   UH  |
[   10.953191] cloud-init[710]: ci-info: +-------+-------------+----------+-----------------+-----------+-------+
[   10.954538] cloud-init[710]: ci-info: +++++++++++++++++++Route IPv6 info+++++++++++++++++++
[   10.955770] cloud-init[710]: ci-info: +-------+-------------+---------+-----------+-------+
[   10.968282] cloud-init[710]: ci-info: | Route | Destination | Gateway | Interface | Flags |
[   10.980193] cloud-init[710]: ci-info: +-------+-------------+---------+-----------+-------+
[   10.992112] cloud-init[710]: ci-info: |   1   |  fe80::/64  |    ::   |   enp0s3  |   U   |
[   11.004241] cloud-init[710]: ci-info: |   3   |    local    |    ::   |   enp0s3  |   U   |
[   11.020306] cloud-init[710]: ci-info: |   4   |   ff00::/8  |    ::   |   enp0s3  |   U   |
[   11.032270] cloud-init[710]: ci-info: +-------+-------------+---------+-----------+-------+
[   11.565529] cloud-init[710]: Generating public/private rsa key pair.
[   11.566314] cloud-init[710]: Your identification has been saved in /etc/ssh/ssh_host_rsa_key.
[   11.576667] cloud-init[710]: Your public key has been saved in /etc/ssh/ssh_host_rsa_key.pub.
[   11.577406] cloud-init[710]: The key fingerprint is:
[   11.577832] cloud-init[710]: SHA256:rScN2DGUUj2/9z5PUKoLZ+w/cSypSpk7a3jJpEFcRNc root@ubuntu-bionic
[   11.579278] cloud-init[710]: The key's randomart image is:
[   11.579961] cloud-init[710]: +---[RSA 2048]----+
[   11.581422] cloud-init[710]: |       .o=o ..   |
[   11.582889] cloud-init[710]: |      ... +.  E  |
[   11.592735] cloud-init[710]: |       oo. o    .|
[   11.593299] cloud-init[710]: |       oo+  .  o |
[   11.605221] cloud-init[710]: |      ..S .  .oo |
[   11.620487] cloud-init[710]: |        .+.+..=.o|
[   11.621214] cloud-init[710]: |        o*B.=o =.|
[   11.632262] cloud-init[710]: |        o+**...o.|
[   11.632906] cloud-init[710]: |         o++o..o=|
[   11.633299] cloud-init[710]: +----[SHA256]-----+
[[0;32m  OK  [0m] Started Initial cloud-init job (metadata service crawler).
[   11.649337] cloud-init[710]: Generating public/private dsa key pair.
[[0;32m  OK  [0m] Reached target System Initialization.
[   11.661002] [cloud-init[0;32m  OK  [0m[710]: ] Listening on Open-iSCSI iscsid Socket.Your identification has been saved in /etc/ssh/ssh_host_dsa_key.

[[0;32m  OK  [0m] Listening on ACPID Listen Socket.
[   11.684686] [cloud-init[0;32m  OK  [0m[710]: ] Your public key has been saved in /etc/ssh/ssh_host_dsa_key.pub.Started Daily Cleanup of Temporary Directories.

[[0;32m  OK  [0m] Listening on UUID daemon activation socket.
[   11.696749] cloud-init[[0;32m  OK  [0m] Started Message of the Day.
[710]: The key fingerprint is:
[   11.711711] cloud-init[710]: SHA256:S90AqBr0uqS+zg6Mxjy6k8yVCKi+b2zayHWl9pS1EGk root@ubuntu-bionic         
Starting LXD - unix socket.
[[0;32m  OK  [0m] Started Discard unused blocks once a week.
[   11.719675] cloud-init[710]: The key's randomart image is:
[   11.722500]          cloud-initStarting Socket activation for snappy daemon.[710]: 
+---[DSA 1024]----+
[[0;32m  OK  [0m] Started Daily apt download activities.
[   11.726591] [cloud-init[0;32m  OK  [0m[710]: ] |       ..        |Started Daily apt upgrade and clean activities.

[   11.737574] [cloud-init[0;32m  OK  [0m[710]: ] |  .   . ..       |Reached target Timers.

[[0;32m  OK  [0m] Started ACPI Events Check.
[   11.749504] [[0;32m  OK  [0mcloud-init] [710]: Reached target Paths.|.. . . E  .      |

[[0;32m  OK  [0m] Listening on D-Bus System Message Bus Socket.
[[0;32m  OK  [0m] Reached target Network is Online.
[   11.756059] cloud-init[710]: |o . o . .. o     |
         Starting Availability of block devices...
[[0;32m  OK  [0m] Reached target Remote File Systems (Pre).
[   11.792823] [cloud-init[0;32m  OK  [0m[710]: ] |o .+.  oS.. .    |Reached target Remote File Systems.

[[0;32m  OK  [0m] Reached target Cloud-config availability.
[   11.820844] cloud-init[710]: |*.+o  o.+..      |
[   11.821762] [cloud-init[0;32m  OK  [0m[710]: ] |*Xoo + o..       |Listening on LXD - unix socket.

[[0;32m  OK  [0m] Listening on Socket activation for snappy daemon.
[   11.836840] cloud-init[710]: |X+*+o o          |
[   11.837317] [[0;32m  OK  [0m] Started Availability of block devices.
cloud-init[710]: |*&Bo   .         |
[   11.852802] [cloud-init[0;32m  OK  [0m[710]: ] Reached target Sockets.
+----[SHA256]-----+
[[0;32m  OK  [0m] Reached target Basic System.
[   11.854375] cloud-init[710]: Generating public/private ecdsa key pair.
         Starting Login Service...
[   11.864016] cloud-init[710]: Your identification has been saved in /etc/ssh/ssh_host_ecdsa_key.
[   11.876125] cloud-init[710]: Your public key has been saved in /etc/ssh/ssh_host_ecdsa_key.pub.
[   11.877155] cloud-init[710]: The key fingerprint is:
[   11.877903] cloud-init[710]: SHA256:dxIlW0bFGOB3PbqSf4G454BdjCM4nr7fvJbHtG0s7T8 root@ubuntu-bionic
[   11.879102] cloud-init[710]: The key's randomart image is:[[0;32m  OK  [0m] Started irqbalance daemon.

[   11.880518] cloud-init         Starting LXD - container startup/shutdown...
         Starting Virtualbox guest utils...
         Starting Dispatcher daemon for systemd-networkd...
[[0;32m  OK  [0m] Started FUSE filesystem for LXC.
         Starting LSB: Record successful boot for GRUB...
         Starting Pollinate to seed the pseudo random number generator...
         Starting LSB: automatic crash report generation...
[710]:          Starting Accounts Service...
+---[ECDSA 256]---+
[   11.888461] cloud-init[710]: |          oo*=.  |
[   11.890771] [[0;32m  OK  [0m] Started Regular background program processing daemon.
cloud-init[710]: |         . *. .. |
[   11.894262] cloud-init[710]: |          + . ...|
         Starting Permit User Sessions...
[   11.906747] cloud-init[710]: |        .  oo.. .|
         Starting System Logging Service...
[   11.911076] cloud-init[710]: |       oS.ooo+.  |
[   11.911895] cloud-init[710]: |      . o.+++o.. |
[   11.924409] cloud-init[710]: |       o . ==.= .|
[   11.936488] cloud-init[710]: |      .   o++* E |
[   11.952566] cloud-init[710]: |       oo..+=o=.+|
[   11.955454] cloud-init[710]: +----[SHA256]-----+
[   11.957904] cloud-init[710]: Generating public/private ed25519 key pair.
[   11.961383] cloud-init[710]: Your identification has been saved in /etc/ssh/ssh_host_ed25519_key.
[   11.976234] cloud-init[710]: Your public key has been saved in /etc/ssh/ssh_host_ed25519_key.pub.
[   11.977939] cloud-init[710]: The key fingerprint is:
[   11.978622] cloud-init[710]: SHA256:asvs0bfNi6jDE+0GEtLLwZn7nV6bFKWZ5GTq6MTrUTw root@ubuntu-bionic
[   11.981466] cloud-init[710]: The key's randomart image is:
[   11.982146] cloud-init[710]: +--[ED25519 256]--+
[   11.992133] cloud-init[710]: |                 |
[   11.992778] cloud-init[710]: |                 |
[   11.993377] cloud-init[710]: |   o o    + .    |
[   11.993941] cloud-init[710]: |  . B  . * =     |
[   11.994533] cloud-init[710]: |   o = .E *      |
[   11.995122] cloud-init[710]: |    =.o*.. .     |
[   11.995708] cloud-init[710]: |     +O=o.+      |
[   11.996324] cloud-init[710]: |     *==== B     |
[   11.997235] cloud-init[710]: |     oX*o = +.   |
[   12.008697] cloud-init[710]: +----[SHA256]-----+
         Starting Snap Daemon...
[[0;32m  OK  [0m] Started D-Bus System Message Bus.
[[0;32m  OK  [0m] Started Login Service.
[[0;32m  OK  [0m] Started Unattended Upgrades Shutdown.
[[0;32m  OK  [0m] Started Deferred execution scheduler.
[[0;32m  OK  [0m] Started System Logging Service.
[[0;32m  OK  [0m] Started Permit User Sessions.
         Starting Hold until boot process finishes up...
         Starting Terminate Plymouth Boot Screen...
[[0;32m  OK  [0m] Started Hold until boot process finishes up.
[[0;32m  OK  [0m] Started Serial Getty on ttyS0.
         Starting Set console scheme...
[[0;32m  OK  [0m] Started Terminate Plymouth Boot Screen.
[[0;32m  OK  [0m] Started Set console scheme.
[[0;32m  OK  [0m] Created slice system-getty.slice.
[[0;32m  OK  [0m] Started Getty on tty1.
[[0;32m  OK  [0m] Reached target Login Prompts.
[[0;32m  OK  [0m] Started LXD - container startup/shutdown.
         Starting Authorization Manager...
[[0;32m  OK  [0m] Started LSB: automatic crash report generation.
[[0;32m  OK  [0m] Started LSB: Record successful boot for GRUB.
[[0;32m  OK  [0m] Started Authorization Manager.
[[0;32m  OK  [0m] Started Accounts Service.
[[0;32m  OK  [0m] Started Virtualbox guest utils.
[[0;32m  OK  [0m] Started Dispatcher daemon for systemd-networkd.
[[0;32m  OK  [0m] Started Snap Daemon.
         Starting Wait until snapd is fully seeded...
[[0;32m  OK  [0m] Started Pollinate to seed the pseudo random number generator.
         Starting OpenBSD Secure Shell server...
[[0;32m  OK  [0m] Started OpenBSD Secure Shell server.
[[0;32m  OK  [0m] Created slice User Slice of vagrant.
         Starting User Manager for UID 1000...
[[0;32m  OK  [0m] Started Session 1 of user vagrant.
[[0;32m  OK  [0m] Started User Manager for UID 1000.
[[0;32m  OK  [0m] Started Wait until snapd is fully seeded.
         Starting Apply the settings specified in cloud-config...
[[0;32m  OK  [0m] Reached target Multi-User System.
[[0;32m  OK  [0m] Reached target Graphical Interface.
         Starting Update UTMP about System Runlevel Changes...
[[0;32m  OK  [0m] Started Update UTMP about System Runlevel Changes.
[   16.114538] cloud-init[1389]: Cloud-init v. 20.3-2-g371b392c-0ubuntu1~18.04.1 running 'modules:config' at Wed, 16 Dec 2020 15:44:51 +0000. Up 15.67 seconds.
[[0;32m  OK  [0m] Started Apply the settings specified in cloud-config.
         Starting Execute cloud user/final scripts...
ci-info: no authorized SSH keys fingerprints found for user ubuntu.
<14>Dec 16 15:44:52 ec2: 
<14>Dec 16 15:44:52 ec2: #############################################################
<14>Dec 16 15:44:52 ec2: -----BEGIN SSH HOST KEY FINGERPRINTS-----
<14>Dec 16 15:44:52 ec2: 1024 SHA256:S90AqBr0uqS+zg6Mxjy6k8yVCKi+b2zayHWl9pS1EGk root@ubuntu-bionic (DSA)
<14>Dec 16 15:44:52 ec2: 256 SHA256:dxIlW0bFGOB3PbqSf4G454BdjCM4nr7fvJbHtG0s7T8 root@ubuntu-bionic (ECDSA)
<14>Dec 16 15:44:52 ec2: 256 SHA256:asvs0bfNi6jDE+0GEtLLwZn7nV6bFKWZ5GTq6MTrUTw root@ubuntu-bionic (ED25519)
<14>Dec 16 15:44:52 ec2: 2048 SHA256:rScN2DGUUj2/9z5PUKoLZ+w/cSypSpk7a3jJpEFcRNc root@ubuntu-bionic (RSA)
<14>Dec 16 15:44:52 ec2: -----END SSH HOST KEY FINGERPRINTS-----
<14>Dec 16 15:44:52 ec2: #############################################################
-----BEGIN SSH HOST KEY KEYS-----
ecdsa-sha2-nistp256 AAAAE2VjZHNhLXNoYTItbmlzdHAyNTYAAAAIbmlzdHAyNTYAAABBBGYancccGTNLB/bSSqVnF1kmGT8KvjmgaeI0DJZQKmnyteMKY1rym8ai9yWfMquyEJ9CMijowHKv57Qw7qsqPtA= root@ubuntu-bionic
ssh-ed25519 AAAAC3NzaC1lZDI1NTE5AAAAIG2cXkmtBUAk3co7RBlX6f3LhIx5g2uRyJVXwOzbRbMI root@ubuntu-bionic
ssh-rsa AAAAB3NzaC1yc2EAAAADAQABAAABAQDSxzR67onCtyzneMdaPmw/6DUNbQp4li3Mre9aAy+jLtM5iOaK3n7fE5MXTQVkdhJ5vqz6v6Zf8Q+IpudPJ1pfsidwcBxOOrDpuekHh4dtQm0hQxWjMnP1DVbrWBpx7YgB6pEQ2oZv65e6Gqb0L1+Fe2lLM/iHWMwD7yQpJTensnys/vEAP93DDcoQ6/LtaCxGQTJud+NYqF8NvOvtYpdqtZ7BUenCSEiVJ9Zlu8I7NgoE7a7aA9wbsC0BsrHME1jBYonZ/YDnM6E5utvhUT4d7Zi58KuBPUoDNIudpxJpHZlOYMT1pb2BuR3Z85ghhBoFCrIc2ne41PTBJsUwYUQJ root@ubuntu-bionic
-----END SSH HOST KEY KEYS-----
[   16.839572] cloud-init[1526]: Cloud-init v. 20.3-2-g371b392c-0ubuntu1~18.04.1 running 'modules:final' at Wed, 16 Dec 2020 15:44:52 +0000. Up 16.63 seconds.
[   16.840723] cloud-init[1526]: ci-info: no authorized SSH keys fingerprints found for user ubuntu.
[   16.841515] cloud-init[1526]: Cloud-init v. 20.3-2-g371b392c-0ubuntu1~18.04.1 finished at Wed, 16 Dec 2020 15:44:52 +0000. Datasource DataSourceNoCloud [seed=/dev/sdb][dsmode=net].  Up 16.82 seconds
[[0;32m  OK  [0m] Started Execute cloud user/final scripts.
[[0;32m  OK  [0m] Reached target Cloud-init target.

Ubuntu 18.04.5 LTS ubuntu-bionic ttyS0

ubuntu-bionic login: 